--------------------------------------------------------------------------------
Release 13.4 Trace  (nt)
Copyright (c) 1995-2011 Xilinx, Inc.  All rights reserved.

C:\Xilinx\ISE_DS\ISE\bin\nt\unwrapped\trce.exe -intstyle ise -v 3 -s 4 -n 3
-fastpaths -xml FSMD.twx FSMD.ncd -o FSMD.twr FSMD.pcf

Design file:              FSMD.ncd
Physical constraint file: FSMD.pcf
Device,package,speed:     xa3s50,vqg100,-4 (PRODUCTION 1.39 2012-01-07)
Report level:             verbose report

Environment Variable      Effect 
--------------------      ------ 
NONE                      No environment variables were set
--------------------------------------------------------------------------------

INFO:Timing:2698 - No timing constraints found, doing default enumeration.
INFO:Timing:3412 - To improve timing, see the Timing Closure User Guide (UG612).
INFO:Timing:2752 - To get complete path coverage, use the unconstrained paths 
   option. All paths that are not constrained will be reported in the 
   unconstrained paths section(s) of the report.
INFO:Timing:3339 - The clock-to-out numbers in this timing report are based on 
   a 50 Ohm transmission line loading model.  For the details of this model, 
   and for more information on accounting for different loading conditions, 
   please see the device datasheet.
INFO:Timing:3390 - This architecture does not support a default System Jitter 
   value, please add SYSTEM_JITTER constraint to the UCF to modify the Clock 
   Uncertainty calculation.
INFO:Timing:3389 - This architecture does not support 'Discrete Jitter' and 
   'Phase Error' calculations, these terms will be zero in the Clock 
   Uncertainty calculation.  Please make appropriate modification to 
   SYSTEM_JITTER to account for the unsupported Discrete Jitter and Phase 
   Error.



Data Sheet report:
-----------------
All values displayed in nanoseconds (ns)

Setup/Hold to clock clk
------------+------------+------------+------------------+--------+
            |Max Setup to|Max Hold to |                  | Clock  |
Source      | clk (edge) | clk (edge) |Internal Clock(s) | Phase  |
------------+------------+------------+------------------+--------+
go_i        |    0.676(R)|    0.556(R)|clk_BUFGP         |   0.000|
modeDist    |    7.075(R)|   -0.236(R)|clk_BUFGP         |   0.000|
modeSpeed   |    6.786(R)|    0.286(R)|clk_BUFGP         |   0.000|
rotSignal   |   19.584(R)|    0.574(R)|clk_BUFGP         |   0.000|
------------+------------+------------+------------------+--------+

Clock clk to Pad
------------+------------+------------------+--------+
            | clk (edge) |                  | Clock  |
Destination |   to PAD   |Internal Clock(s) | Phase  |
------------+------------+------------------+--------+
mode<0>     |    8.163(R)|clk_BUFGP         |   0.000|
mode<1>     |    8.139(R)|clk_BUFGP         |   0.000|
value<0>    |    8.823(R)|clk_BUFGP         |   0.000|
value<1>    |    8.860(R)|clk_BUFGP         |   0.000|
value<2>    |    9.223(R)|clk_BUFGP         |   0.000|
value<3>    |    9.119(R)|clk_BUFGP         |   0.000|
value<4>    |    8.858(R)|clk_BUFGP         |   0.000|
value<5>    |    8.129(R)|clk_BUFGP         |   0.000|
value<6>    |    8.875(R)|clk_BUFGP         |   0.000|
value<7>    |    8.519(R)|clk_BUFGP         |   0.000|
value<8>    |    8.903(R)|clk_BUFGP         |   0.000|
value<9>    |    9.016(R)|clk_BUFGP         |   0.000|
value<10>   |    9.443(R)|clk_BUFGP         |   0.000|
value<11>   |    9.186(R)|clk_BUFGP         |   0.000|
value<12>   |    8.846(R)|clk_BUFGP         |   0.000|
value<13>   |    9.238(R)|clk_BUFGP         |   0.000|
value<14>   |    9.247(R)|clk_BUFGP         |   0.000|
value<15>   |    9.210(R)|clk_BUFGP         |   0.000|
value<16>   |    9.087(R)|clk_BUFGP         |   0.000|
value<17>   |    9.257(R)|clk_BUFGP         |   0.000|
value<18>   |    9.463(R)|clk_BUFGP         |   0.000|
value<19>   |    9.473(R)|clk_BUFGP         |   0.000|
value<20>   |   10.067(R)|clk_BUFGP         |   0.000|
value<21>   |    9.403(R)|clk_BUFGP         |   0.000|
value<22>   |    9.146(R)|clk_BUFGP         |   0.000|
value<23>   |    8.913(R)|clk_BUFGP         |   0.000|
value<24>   |    8.962(R)|clk_BUFGP         |   0.000|
value<25>   |    9.327(R)|clk_BUFGP         |   0.000|
value<26>   |    8.952(R)|clk_BUFGP         |   0.000|
value<27>   |    9.233(R)|clk_BUFGP         |   0.000|
value<28>   |    9.253(R)|clk_BUFGP         |   0.000|
value<29>   |    9.707(R)|clk_BUFGP         |   0.000|
value<30>   |    9.521(R)|clk_BUFGP         |   0.000|
value<31>   |    9.512(R)|clk_BUFGP         |   0.000|
------------+------------+------------------+--------+

Clock to Setup on destination clock clk
---------------+---------+---------+---------+---------+
               | Src:Rise| Src:Fall| Src:Rise| Src:Fall|
Source Clock   |Dest:Rise|Dest:Rise|Dest:Fall|Dest:Fall|
---------------+---------+---------+---------+---------+
clk            |   20.473|         |         |         |
---------------+---------+---------+---------+---------+


Analysis completed Mon May 28 21:27:39 2012 
--------------------------------------------------------------------------------

Trace Settings:
-------------------------
Trace Settings 

Peak Memory Usage: 81 MB



